# JRE version: OpenJDK Runtime Environment (19.0.2+7) (build 19.0.2+7-44)
# Java VM: OpenJDK 64-Bit Server VM (19.0.2+7-44, mixed mode, emulated-client, sharing, tiered, compressed oops, compressed class ptrs, g1 gc, windows-amd64)
GC Precious Log:
 CardTable entry size: 512
 Card Set container configuration: InlinePtr #cards 4 size 8 Array Of Cards #cards 16 size 48 Howl #buckets 8 coarsen threshold 3686 Howl Bitmap #cards 512 size 80 coarsen threshold 460 Card regions per heap region 1 cards per card region 4096
 CPUs: 8 total, 8 available
 Memory: 16249M
 Large Page Support: Disabled
 NUMA Support: Disabled
 Compressed Oops: Enabled (Zero based)
 Heap Region Size: 2M
 Heap Min Capacity: 8M
 Heap Initial Capacity: 254M
 Heap Max Capacity: 4064M
 Pre-touch: Disabled
 Parallel Workers: 8
 Concurrent Workers: 2
 Concurrent Refinement Workers: 8
 Periodic GC: Disabled
Heap:
 garbage-first heap   total 75776K, used 32463K [0x0000000702000000, 0x0000000800000000)
  region size 2048K, 5 young (10240K), 2 survivors (4096K)
 Metaspace       used 67569K, committed 68032K, reserved 1114112K
  class space    used 9126K, committed 9344K, reserved 1048576K
GC Heap History (20 events):
Event: 5.178 GC heap before
{Heap before GC invocations=7 (full 0):
 garbage-first heap   total 55296K, used 36144K [0x0000000702000000, 0x0000000800000000)
  region size 2048K, 12 young (24576K), 1 survivors (2048K)
 Metaspace       used 33164K, committed 33600K, reserved 1114112K
  class space    used 4386K, committed 4608K, reserved 1048576K
}
Event: 5.187 GC heap after
{Heap after GC invocations=8 (full 0):
 garbage-first heap   total 55296K, used 17505K [0x0000000702000000, 0x0000000800000000)
  region size 2048K, 2 young (4096K), 2 survivors (4096K)
 Metaspace       used 33164K, committed 33600K, reserved 1114112K
  class space    used 4386K, committed 4608K, reserved 1048576K
}
Event: 5.397 GC heap before
{Heap before GC invocations=8 (full 0):
 garbage-first heap   total 55296K, used 23649K [0x0000000702000000, 0x0000000800000000)
  region size 2048K, 7 young (14336K), 2 survivors (4096K)
 Metaspace       used 35749K, committed 36096K, reserved 1114112K
  class space    used 4633K, committed 4800K, reserved 1048576K
}
Event: 5.405 GC heap after
{Heap after GC invocations=9 (full 0):
 garbage-first heap   total 157696K, used 18994K [0x0000000702000000, 0x0000000800000000)
  region size 2048K, 2 young (4096K), 2 survivors (4096K)
 Metaspace       used 35749K, committed 36096K, reserved 1114112K
  class space    used 4633K, committed 4800K, reserved 1048576K
}
Event: 6.749 GC heap before
{Heap before GC invocations=10 (full 0):
 garbage-first heap   total 75776K, used 59954K [0x0000000702000000, 0x0000000800000000)
  region size 2048K, 22 young (45056K), 2 survivors (4096K)
 Metaspace       used 43875K, committed 44224K, reserved 1114112K
  class space    used 5720K, committed 5888K, reserved 1048576K
}
Event: 6.754 GC heap after
{Heap after GC invocations=11 (full 0):
 garbage-first heap   total 75776K, used 20928K [0x0000000702000000, 0x0000000800000000)
  region size 2048K, 3 young (6144K), 3 survivors (6144K)
 Metaspace       used 43875K, committed 44224K, reserved 1114112K
  class space    used 5720K, committed 5888K, reserved 1048576K
}
Event: 6.841 GC heap before
{Heap before GC invocations=11 (full 0):
 garbage-first heap   total 75776K, used 22976K [0x0000000702000000, 0x0000000800000000)
  region size 2048K, 4 young (8192K), 3 survivors (6144K)
 Metaspace       used 44314K, committed 44736K, reserved 1114112K
  class space    used 5803K, committed 6016K, reserved 1048576K
}
Event: 6.846 GC heap after
{Heap after GC invocations=12 (full 0):
 garbage-first heap   total 75776K, used 21273K [0x0000000702000000, 0x0000000800000000)
  region size 2048K, 1 young (2048K), 1 survivors (2048K)
 Metaspace       used 44314K, committed 44736K, reserved 1114112K
  class space    used 5803K, committed 6016K, reserved 1048576K
}
Event: 8.031 GC heap before
{Heap before GC invocations=12 (full 0):
 garbage-first heap   total 75776K, used 51993K [0x0000000702000000, 0x0000000800000000)
  region size 2048K, 17 young (34816K), 1 survivors (2048K)
 Metaspace       used 52690K, committed 53056K, reserved 1114112K
  class space    used 7122K, committed 7296K, reserved 1048576K
}
Event: 8.035 GC heap after
{Heap after GC invocations=13 (full 0):
 garbage-first heap   total 75776K, used 22278K [0x0000000702000000, 0x0000000800000000)
  region size 2048K, 1 young (2048K), 1 survivors (2048K)
 Metaspace       used 52690K, committed 53056K, reserved 1114112K
  class space    used 7122K, committed 7296K, reserved 1048576K
}
Event: 8.973 GC heap before
{Heap before GC invocations=13 (full 0):
 garbage-first heap   total 75776K, used 57094K [0x0000000702000000, 0x0000000800000000)
  region size 2048K, 18 young (36864K), 1 survivors (2048K)
 Metaspace       used 56127K, committed 56576K, reserved 1114112K
  class space    used 7586K, committed 7808K, reserved 1048576K
}
Event: 8.977 GC heap after
{Heap after GC invocations=14 (full 0):
 garbage-first heap   total 75776K, used 23721K [0x0000000702000000, 0x0000000800000000)
  region size 2048K, 2 young (4096K), 2 survivors (4096K)
 Metaspace       used 56127K, committed 56576K, reserved 1114112K
  class space    used 7586K, committed 7808K, reserved 1048576K
}
Event: 9.622 GC heap before
{Heap before GC invocations=14 (full 0):
 garbage-first heap   total 75776K, used 48297K [0x0000000702000000, 0x0000000800000000)
  region size 2048K, 15 young (30720K), 2 survivors (4096K)
 Metaspace       used 60327K, committed 60800K, reserved 1114112K
  class space    used 8141K, committed 8384K, reserved 1048576K
}
Event: 9.628 GC heap after
{Heap after GC invocations=15 (full 0):
 garbage-first heap   total 75776K, used 25406K [0x0000000702000000, 0x0000000800000000)
  region size 2048K, 3 young (6144K), 3 survivors (6144K)
 Metaspace       used 60327K, committed 60800K, reserved 1114112K
  class space    used 8141K, committed 8384K, reserved 1048576K
}
Event: 10.315 GC heap before
{Heap before GC invocations=16 (full 0):
 garbage-first heap   total 75776K, used 56126K [0x0000000702000000, 0x0000000800000000)
  region size 2048K, 18 young (36864K), 3 survivors (6144K)
 Metaspace       used 63735K, committed 64256K, reserved 1114112K
  class space    used 8613K, committed 8832K, reserved 1048576K
}
Event: 10.321 GC heap after
{Heap after GC invocations=17 (full 0):
 garbage-first heap   total 75776K, used 26820K [0x0000000702000000, 0x0000000800000000)
  region size 2048K, 2 young (4096K), 2 survivors (4096K)
 Metaspace       used 63735K, committed 64256K, reserved 1114112K
  class space    used 8613K, committed 8832K, reserved 1048576K
}
Event: 10.645 GC heap before
{Heap before GC invocations=17 (full 0):
 garbage-first heap   total 75776K, used 59588K [0x0000000702000000, 0x0000000800000000)
  region size 2048K, 18 young (36864K), 2 survivors (4096K)
 Metaspace       used 65414K, committed 65920K, reserved 1114112K
  class space    used 8856K, committed 9088K, reserved 1048576K
}
Event: 10.650 GC heap after
{Heap after GC invocations=18 (full 0):
 garbage-first heap   total 75776K, used 28667K [0x0000000702000000, 0x0000000800000000)
  region size 2048K, 3 young (6144K), 3 survivors (6144K)
 Metaspace       used 65414K, committed 65920K, reserved 1114112K
  class space    used 8856K, committed 9088K, reserved 1048576K
}
Event: 10.968 GC heap before
{Heap before GC invocations=18 (full 0):
 garbage-first heap   total 75776K, used 59387K [0x0000000702000000, 0x0000000800000000)
  region size 2048K, 18 young (36864K), 3 survivors (6144K)
 Metaspace       used 66504K, committed 67008K, reserved 1114112K
  class space    used 9007K, committed 9216K, reserved 1048576K
}
Event: 10.973 GC heap after
{Heap after GC invocations=19 (full 0):
 garbage-first heap   total 75776K, used 30415K [0x0000000702000000, 0x0000000800000000)
  region size 2048K, 2 young (4096K), 2 survivors (4096K)
 Metaspace       used 66504K, committed 67008K, reserved 1114112K
  class space    used 9007K, committed 9216K, reserved 1048576K
}

